<?xml version="1.0" encoding="UTF-8"?>
<!-- Generated by org.testng.reporters.JUnitXMLReporter -->
<testsuite ignored="3" hostname="VIVEK" failures="0" tests="2" name="Test(failed)(failed)" time="0.13" errors="0" timestamp="2022-11-21T08:51:01 IST">
  <testcase classname="tests.TestCases2" name="testCase02" time="0.0">
    <skipped/>
  </testcase> <!-- testCase02 -->
  <testcase classname="tests.TestCases" name="testcse01" time="0.0">
    <skipped/>
  </testcase> <!-- testcse01 -->
  <testcase classname="tests.TestCases2" name="simpletest" time="0.0">
    <ignored/>
  </testcase> <!-- simpletest -->
  <testcase classname="tests.TestCases" name="testcase03" time="0.0">
    <ignored/>
  </testcase> <!-- testcase03 -->
  <testcase classname="tests.TestCases" name="testcase02" time="0.0">
    <ignored/>
  </testcase> <!-- testcase02 -->
</testsuite> <!-- Test(failed)(failed) -->
