<?xml version="1.0" encoding="UTF-8"?>
<!-- Generated by org.testng.reporters.JUnitXMLReporter -->
<testsuite ignored="0" hostname="VIVEK" failures="0" tests="5" name="Default test" time="0.165" errors="0" timestamp="2022-11-20T19:04:19 IST">
  <testcase classname="tests.TestCases" name="testcase02" time="0.019"/>
  <testcase classname="tests.TestCases" name="testcase03" time="0.004"/>
  <testcase classname="tests.TestCases" name="testcse01" time="0.0">
    <skipped/>
  </testcase> <!-- testcse01 -->
  <testcase classname="tests.TestCases2" name="simpletest" time="0.003"/>
  <testcase classname="tests.TestCases2" name="testCase02" time="0.0">
    <skipped/>
  </testcase> <!-- testCase02 -->
</testsuite> <!-- Default test -->
