<?xml version="1.0" encoding="UTF-8"?>
<!-- Generated by org.testng.reporters.JUnitXMLReporter -->
<testsuite ignored="0" hostname="VIVEK" failures="0" tests="5" name="Test" time="0.08" errors="0" timestamp="2022-11-20T19:26:43 IST">
  <testcase classname="tests.TestCases2" name="simpletest" time="0.009"/>
  <testcase classname="tests.TestCases2" name="testCase02" time="0.0">
    <skipped/>
  </testcase> <!-- testCase02 -->
  <testcase classname="tests.TestCases" name="testcase02" time="0.001"/>
  <testcase classname="tests.TestCases" name="testcase03" time="0.001"/>
  <testcase classname="tests.TestCases" name="testcse01" time="0.0">
    <skipped/>
  </testcase> <!-- testcse01 -->
</testsuite> <!-- Test -->
