<?xml version="1.0" encoding="UTF-8"?>
<!-- Generated by org.testng.reporters.JUnitXMLReporter -->
<testsuite ignored="0" hostname="VIVEK" failures="4" tests="7" name="Test" time="4.143" errors="0" timestamp="2022-12-11T23:06:31 IST">
  <testcase classname="tests.TestCases2Test" name="simpletest" time="0.012"/>
  <testcase classname="tests.TestCases2Test" name="testCase02" time="2.2">
    <failure type="java.lang.NullPointerException" message="Cannot invoke &amp;quot;org.openqa.selenium.remote.RemoteWebDriver.get(String)&amp;quot; because &amp;quot;remoteDriver&amp;quot; is null">
      <![CDATA[java.lang.NullPointerException: Cannot invoke "org.openqa.selenium.remote.RemoteWebDriver.get(String)" because "remoteDriver" is null
at tests.TestCases2Test.testCase02(TestCases2Test.java:18)
at java.base/java.util.concurrent.FutureTask.run(FutureTask.java:264)
at java.base/java.util.concurrent.Executors$RunnableAdapter.call(Executors.java:539)
at java.base/java.util.concurrent.FutureTask.run(FutureTask.java:264)
at java.base/java.util.concurrent.ThreadPoolExecutor.runWorker(ThreadPoolExecutor.java:1136)
at java.base/java.util.concurrent.ThreadPoolExecutor$Worker.run(ThreadPoolExecutor.java:635)
at java.base/java.lang.Thread.run(Thread.java:833)
... Removed 9 stack frames]]>
    </failure>
  </testcase> <!-- testCase02 -->
  <testcase classname="tests.TestCases2Test" name="testCase02" time="2.206">
    <failure type="java.lang.NullPointerException" message="Cannot invoke &amp;quot;org.openqa.selenium.remote.RemoteWebDriver.get(String)&amp;quot; because &amp;quot;remoteDriver&amp;quot; is null">
      <![CDATA[java.lang.NullPointerException: Cannot invoke "org.openqa.selenium.remote.RemoteWebDriver.get(String)" because "remoteDriver" is null
at tests.TestCases2Test.testCase02(TestCases2Test.java:18)
at java.base/java.util.concurrent.FutureTask.run(FutureTask.java:264)
at java.base/java.util.concurrent.Executors$RunnableAdapter.call(Executors.java:539)
at java.base/java.util.concurrent.FutureTask.run(FutureTask.java:264)
at java.base/java.util.concurrent.ThreadPoolExecutor.runWorker(ThreadPoolExecutor.java:1136)
at java.base/java.util.concurrent.ThreadPoolExecutor$Worker.run(ThreadPoolExecutor.java:635)
at java.base/java.lang.Thread.run(Thread.java:833)
... Removed 9 stack frames]]>
    </failure>
  </testcase> <!-- testCase02 -->
  <testcase classname="tests.TestCases2Test" name="testCase02" time="2.215">
    <failure type="java.lang.NullPointerException" message="Cannot invoke &amp;quot;org.openqa.selenium.remote.RemoteWebDriver.get(String)&amp;quot; because &amp;quot;remoteDriver&amp;quot; is null">
      <![CDATA[java.lang.NullPointerException: Cannot invoke "org.openqa.selenium.remote.RemoteWebDriver.get(String)" because "remoteDriver" is null
at tests.TestCases2Test.testCase02(TestCases2Test.java:18)
at java.base/java.util.concurrent.FutureTask.run(FutureTask.java:264)
at java.base/java.util.concurrent.Executors$RunnableAdapter.call(Executors.java:539)
at java.base/java.util.concurrent.FutureTask.run(FutureTask.java:264)
at java.base/java.util.concurrent.ThreadPoolExecutor.runWorker(ThreadPoolExecutor.java:1136)
at java.base/java.util.concurrent.ThreadPoolExecutor$Worker.run(ThreadPoolExecutor.java:635)
at java.base/java.lang.Thread.run(Thread.java:833)
... Removed 9 stack frames]]>
    </failure>
  </testcase> <!-- testCase02 -->
  <testcase classname="tests.TestCasesTest" name="testcase02" time="0.001"/>
  <testcase classname="tests.TestCasesTest" name="testcase03" time="0.001"/>
  <testcase classname="tests.TestCasesTest" name="testcse01" time="0.136">
    <failure type="org.testng.internal.reflect.MethodMatcherException" message="
[public void tests.TestCasesTest.testcse01(java.lang.String,java.lang.String,java.lang.String,java.lang.String) throws java.lang.Throwable] has no parameters defined but was found to be using a data provider (either explicitly specified or inherited from class level annotation).
Data provider mismatch
Method: testcse01([java.lang.String arg0, java.lang.String arg1, java.lang.String arg2, java.lang.String arg3])
Arguments: [(java.lang.String) Browser,(java.lang.String) Email]">
      <![CDATA[org.testng.internal.reflect.MethodMatcherException: 
[public void tests.TestCasesTest.testcse01(java.lang.String,java.lang.String,java.lang.String,java.lang.String) throws java.lang.Throwable] has no parameters defined but was found to be using a data provider (either explicitly specified or inherited from class level annotation).
Data provider mismatch
Method: testcse01([java.lang.String arg0, java.lang.String arg1, java.lang.String arg2, java.lang.String arg3])
Arguments: [(java.lang.String) Browser,(java.lang.String) Email]
at java.base/java.util.ArrayList.forEach(ArrayList.java:1511)
... Removed 26 stack frames]]>
    </failure>
  </testcase> <!-- testcse01 -->
</testsuite> <!-- Test -->
